<?xml version="1.0" encoding="UTF-8"?>
<!-- Generated by org.testng.reporters.JUnitXMLReporter -->
<testsuite ignored="2" hostname="Pinkeshkumars-Mac-mini.local" failures="1" tests="2" name="AccountRegisteraion" time="1.173" errors="0" timestamp="2023-12-03T13:19:16 IST">
  <testcase classname="LoginModule.RegisteraccountGadget" name="registeraccount" time="1.158"/>
  <testcase classname="LoginModule.LoginGadget" name="loginwebsite" time="0.001">
    <failure type="java.lang.NullPointerException" message="Cannot invoke &amp;quot;org.openqa.selenium.WebDriver.navigate()&amp;quot; because &amp;quot;this.driver&amp;quot; is null">
      <![CDATA[java.lang.NullPointerException: Cannot invoke "org.openqa.selenium.WebDriver.navigate()" because "this.driver" is null
at LoginModule.LoginGadget.loginwebsite(LoginGadget.java:13)
at java.base/java.util.ArrayList.forEach(ArrayList.java:1596)
... Removed 25 stack frames]]>
    </failure>
  </testcase> <!-- loginwebsite -->
  <testcase classname="GadgetsIMP.browserlaunch" name="@AfterSuite closeall" time="0.0">
    <ignored/>
  </testcase> <!-- @AfterSuite closeall -->
  <testcase classname="GadgetsIMP.browserlaunch" name="@BeforeSuite configbrowserlaunch" time="0.0">
    <ignored/>
  </testcase> <!-- @BeforeSuite configbrowserlaunch -->
</testsuite> <!-- AccountRegisteraion -->
