<?xml version="1.0" encoding="UTF-8"?>
<testng-results ignored="0" total="4" passed="4" failed="0" skipped="0">
  <reporter-output>
  </reporter-output>
  <suite started-at="2023-12-23T11:02:54 IST" name="Gadget Gallery" finished-at="2023-12-23T11:04:33 IST" duration-ms="98716">
    <groups>
    </groups>
    <test started-at="2023-12-23T11:02:54 IST" name="Product search" finished-at="2023-12-23T11:03:10 IST" duration-ms="15659">
      <class name="LoginModule.findproduct">
        <test-method is-config="true" signature="configbrowserlaunch()[pri:0, instance:LoginModule.findproduct@78dd667e]" started-at="2023-12-23T11:02:54 IST" name="configbrowserlaunch" finished-at="2023-12-23T11:02:56 IST" duration-ms="2052" status="PASS">
          <reporter-output>
          </reporter-output>
        </test-method> <!-- configbrowserlaunch -->
        <test-method is-config="true" signature="checkexecutionstatus()[pri:0, instance:LoginModule.findproduct@78dd667e]" started-at="2023-12-23T11:02:56 IST" name="checkexecutionstatus" finished-at="2023-12-23T11:02:56 IST" depends-on-methods="GadgetsIMP.browserlaunch.configbrowserlaunch" duration-ms="0" status="PASS">
          <reporter-output>
          </reporter-output>
        </test-method> <!-- checkexecutionstatus -->
        <test-method signature="productfind()[pri:0, instance:LoginModule.findproduct@78dd667e]" started-at="2023-12-23T11:02:56 IST" name="productfind" finished-at="2023-12-23T11:03:02 IST" duration-ms="5469" status="PASS">
          <reporter-output>
          </reporter-output>
        </test-method> <!-- productfind -->
        <test-method is-config="true" signature="closeall()[pri:0, instance:LoginModule.findproduct@78dd667e]" started-at="2023-12-23T11:03:02 IST" name="closeall" finished-at="2023-12-23T11:03:10 IST" duration-ms="8126" status="PASS">
          <reporter-output>
          </reporter-output>
        </test-method> <!-- closeall -->
      </class> <!-- LoginModule.findproduct -->
    </test> <!-- Product search -->
    <test started-at="2023-12-23T11:03:10 IST" name="Login" finished-at="2023-12-23T11:03:21 IST" duration-ms="11406">
      <class name="LoginModule.LoginGadget">
        <test-method is-config="true" signature="configbrowserlaunch()[pri:0, instance:LoginModule.LoginGadget@1fe20588]" started-at="2023-12-23T11:03:10 IST" name="configbrowserlaunch" finished-at="2023-12-23T11:03:12 IST" duration-ms="1969" status="PASS">
          <reporter-output>
          </reporter-output>
        </test-method> <!-- configbrowserlaunch -->
        <test-method signature="loginwebsite()[pri:0, instance:LoginModule.LoginGadget@1fe20588]" started-at="2023-12-23T11:03:12 IST" name="loginwebsite" finished-at="2023-12-23T11:03:13 IST" duration-ms="1306" status="PASS">
          <reporter-output>
          </reporter-output>
        </test-method> <!-- loginwebsite -->
        <test-method is-config="true" signature="closeall()[pri:0, instance:LoginModule.LoginGadget@1fe20588]" started-at="2023-12-23T11:03:13 IST" name="closeall" finished-at="2023-12-23T11:03:21 IST" duration-ms="8129" status="PASS">
          <reporter-output>
          </reporter-output>
        </test-method> <!-- closeall -->
      </class> <!-- LoginModule.LoginGadget -->
    </test> <!-- Login -->
    <test started-at="2023-12-23T11:03:21 IST" name="Account Registeraion" finished-at="2023-12-23T11:03:32 IST" duration-ms="10551">
      <class name="LoginModule.RegisteraccountGadget">
        <test-method is-config="true" signature="configbrowserlaunch()[pri:0, instance:LoginModule.RegisteraccountGadget@7a4ccb53]" started-at="2023-12-23T11:03:21 IST" name="configbrowserlaunch" finished-at="2023-12-23T11:03:23 IST" duration-ms="1699" status="PASS">
          <reporter-output>
          </reporter-output>
        </test-method> <!-- configbrowserlaunch -->
        <test-method signature="registeraccount()[pri:0, instance:LoginModule.RegisteraccountGadget@7a4ccb53]" started-at="2023-12-23T11:03:23 IST" name="registeraccount" finished-at="2023-12-23T11:03:24 IST" duration-ms="724" status="PASS">
          <reporter-output>
          </reporter-output>
        </test-method> <!-- registeraccount -->
        <test-method is-config="true" signature="closeall()[pri:0, instance:LoginModule.RegisteraccountGadget@7a4ccb53]" started-at="2023-12-23T11:03:24 IST" name="closeall" finished-at="2023-12-23T11:03:32 IST" duration-ms="8127" status="PASS">
          <reporter-output>
          </reporter-output>
        </test-method> <!-- closeall -->
      </class> <!-- LoginModule.RegisteraccountGadget -->
    </test> <!-- Account Registeraion -->
    <test started-at="2023-12-23T11:03:32 IST" name="Best seller" finished-at="2023-12-23T11:04:33 IST" duration-ms="60302">
      <class name="LoginModule.Bestsellerlist">
        <test-method is-config="true" signature="configbrowserlaunch()[pri:0, instance:LoginModule.Bestsellerlist@4df50bcc]" started-at="2023-12-23T11:03:32 IST" name="configbrowserlaunch" finished-at="2023-12-23T11:03:34 IST" duration-ms="1787" status="PASS">
          <reporter-output>
          </reporter-output>
        </test-method> <!-- configbrowserlaunch -->
        <test-method signature="bestseller()[pri:0, instance:LoginModule.Bestsellerlist@4df50bcc]" started-at="2023-12-23T11:03:34 IST" name="bestseller" finished-at="2023-12-23T11:04:25 IST" duration-ms="50388" status="PASS">
          <reporter-output>
          </reporter-output>
        </test-method> <!-- bestseller -->
        <test-method is-config="true" signature="closeall()[pri:0, instance:LoginModule.Bestsellerlist@4df50bcc]" started-at="2023-12-23T11:04:25 IST" name="closeall" finished-at="2023-12-23T11:04:33 IST" duration-ms="8123" status="PASS">
          <reporter-output>
          </reporter-output>
        </test-method> <!-- closeall -->
      </class> <!-- LoginModule.Bestsellerlist -->
    </test> <!-- Best seller -->
  </suite> <!-- Gadget Gallery -->
</testng-results>
