<?xml version="1.0" encoding="UTF-8"?>
<testng-results ignored="0" total="3" passed="3" failed="0" skipped="0">
  <reporter-output>
  </reporter-output>
  <suite started-at="2023-12-07T16:34:25 IST" name="Gadget Gallery" finished-at="2023-12-07T16:35:06 IST" duration-ms="40979">
    <groups>
    </groups>
    <test started-at="2023-12-07T16:34:25 IST" name="Product search" finished-at="2023-12-07T16:34:44 IST" duration-ms="18741">
      <class name="LoginModule.findproduct">
        <test-method is-config="true" signature="configbrowserlaunch()[pri:0, instance:LoginModule.findproduct@78dd667e]" started-at="2023-12-07T16:34:25 IST" name="configbrowserlaunch" finished-at="2023-12-07T16:34:30 IST" duration-ms="5076" status="PASS">
          <reporter-output>
          </reporter-output>
        </test-method> <!-- configbrowserlaunch -->
        <test-method is-config="true" signature="checkexecutionstatus()[pri:0, instance:LoginModule.findproduct@78dd667e]" started-at="2023-12-07T16:34:30 IST" name="checkexecutionstatus" finished-at="2023-12-07T16:34:30 IST" depends-on-methods="GadgetsIMP.browserlaunch.configbrowserlaunch" duration-ms="0" status="PASS">
          <reporter-output>
          </reporter-output>
        </test-method> <!-- checkexecutionstatus -->
        <test-method signature="productfind()[pri:0, instance:LoginModule.findproduct@78dd667e]" started-at="2023-12-07T16:34:30 IST" name="productfind" finished-at="2023-12-07T16:34:36 IST" duration-ms="5510" status="PASS">
          <reporter-output>
          </reporter-output>
        </test-method> <!-- productfind -->
        <test-method is-config="true" signature="closeall()[pri:0, instance:LoginModule.findproduct@78dd667e]" started-at="2023-12-07T16:34:36 IST" name="closeall" finished-at="2023-12-07T16:34:44 IST" duration-ms="8144" status="PASS">
          <reporter-output>
          </reporter-output>
        </test-method> <!-- closeall -->
      </class> <!-- LoginModule.findproduct -->
    </test> <!-- Product search -->
    <test started-at="2023-12-07T16:34:44 IST" name="Login" finished-at="2023-12-07T16:34:55 IST" duration-ms="11240">
      <class name="LoginModule.LoginGadget">
        <test-method is-config="true" signature="configbrowserlaunch()[pri:0, instance:LoginModule.LoginGadget@1fe20588]" started-at="2023-12-07T16:34:44 IST" name="configbrowserlaunch" finished-at="2023-12-07T16:34:46 IST" duration-ms="1792" status="PASS">
          <reporter-output>
          </reporter-output>
        </test-method> <!-- configbrowserlaunch -->
        <test-method signature="loginwebsite()[pri:0, instance:LoginModule.LoginGadget@1fe20588]" started-at="2023-12-07T16:34:46 IST" name="loginwebsite" finished-at="2023-12-07T16:34:47 IST" duration-ms="1324" status="PASS">
          <reporter-output>
          </reporter-output>
        </test-method> <!-- loginwebsite -->
        <test-method is-config="true" signature="closeall()[pri:0, instance:LoginModule.LoginGadget@1fe20588]" started-at="2023-12-07T16:34:47 IST" name="closeall" finished-at="2023-12-07T16:34:55 IST" duration-ms="8123" status="PASS">
          <reporter-output>
          </reporter-output>
        </test-method> <!-- closeall -->
      </class> <!-- LoginModule.LoginGadget -->
    </test> <!-- Login -->
    <test started-at="2023-12-07T16:34:55 IST" name="Account Registeraion" finished-at="2023-12-07T16:35:06 IST" duration-ms="10791">
      <class name="LoginModule.RegisteraccountGadget">
        <test-method is-config="true" signature="configbrowserlaunch()[pri:0, instance:LoginModule.RegisteraccountGadget@7a4ccb53]" started-at="2023-12-07T16:34:55 IST" name="configbrowserlaunch" finished-at="2023-12-07T16:34:57 IST" duration-ms="1950" status="PASS">
          <reporter-output>
          </reporter-output>
        </test-method> <!-- configbrowserlaunch -->
        <test-method signature="registeraccount()[pri:0, instance:LoginModule.RegisteraccountGadget@7a4ccb53]" started-at="2023-12-07T16:34:57 IST" name="registeraccount" finished-at="2023-12-07T16:34:58 IST" duration-ms="713" status="PASS">
          <reporter-output>
          </reporter-output>
        </test-method> <!-- registeraccount -->
        <test-method is-config="true" signature="closeall()[pri:0, instance:LoginModule.RegisteraccountGadget@7a4ccb53]" started-at="2023-12-07T16:34:58 IST" name="closeall" finished-at="2023-12-07T16:35:06 IST" duration-ms="8126" status="PASS">
          <reporter-output>
          </reporter-output>
        </test-method> <!-- closeall -->
      </class> <!-- LoginModule.RegisteraccountGadget -->
    </test> <!-- Account Registeraion -->
  </suite> <!-- Gadget Gallery -->
</testng-results>
